============================================================
  Generated by:           Genus(TM) Synthesis Solution 20.11-s111_1
  Generated on:           Apr 16 2026  01:53:02 pm
  Module:                 pe64_top
  Operating conditions:   slow (balanced_tree)
  Wireload mode:          enclosed
  Area mode:              timing library
============================================================


Path 1: MET (5781 ps) Setup Check with Pin q_reg[0]/CK->D
          Group: clk
     Startpoint: (R) d_s1_reg[61]/CK
          Clock: (R) clk
       Endpoint: (R) q_reg[0]/D
          Clock: (R) clk

                     Capture       Launch     
        Clock Edge:+   10000            0     
       Src Latency:+       0            0     
       Net Latency:+       0 (I)        0 (I) 
           Arrival:=   10000            0     
                                              
             Setup:-     294                  
       Uncertainty:-     300                  
     Required Time:=    9406                  
      Launch Clock:-       0                  
         Data Path:-    3625                  
             Slack:=    5781                  

#-----------------------------------------------------------------------------------------
#  Timing Point   Flags    Arc   Edge   Cell     Fanout Load Trans Delay Arrival Instance 
#                                                       (fF)  (ps)  (ps)   (ps)  Location 
#-----------------------------------------------------------------------------------------
  d_s1_reg[61]/CK -       -      R     (arrival)     72    -   100     0       0    (-,-) 
  d_s1_reg[61]/QN -       CK->QN R     SDFFTRXL       2  3.5    67   385     385    (-,-) 
  g3327__2883/Y   -       B->Y   R     AND4XL         5  8.1   168   314     699    (-,-) 
  g3310__1617/Y   -       B->Y   R     AND2XL         4  6.5   124   195     894    (-,-) 
  g3309__5526/Y   -       B->Y   R     AND2XL         4  6.5   124   186    1080    (-,-) 
  g3306__4319/Y   -       B->Y   F     NAND2XL        3  5.0   154   135    1215    (-,-) 
  g3305/Y         -       A->Y   R     INVXL          4  6.5   122   132    1347    (-,-) 
  g3304__5477/Y   -       B->Y   F     NAND2XL        5  8.0   236   181    1528    (-,-) 
  g3302/Y         -       A->Y   R     INVXL          5  8.2   164   174    1702    (-,-) 
  g3296__2883/Y   -       B->Y   F     NAND2BXL       4  6.8   193   172    1874    (-,-) 
  g3294__7482/Y   -       B->Y   R     NOR2XL         4  6.8   242   217    2092    (-,-) 
  g3290__6131/Y   -       B->Y   F     NAND2BXL       4  6.5   204   186    2278    (-,-) 
  g3287__7098/Y   -       B->Y   R     NOR2XL         4  6.7   231   219    2496    (-,-) 
  g3285/Y         -       A->Y   F     INVXL          5  7.9   146   135    2631    (-,-) 
  g3280__2802/Y   -       B->Y   R     NOR2XL         4  6.5   218   198    2829    (-,-) 
  g3274__6260/Y   -       AN->Y  R     NOR2BXL        3  4.8   172   204    3032    (-,-) 
  g3263__2883/Y   -       A0->Y  F     AOI22XL        1  1.7   120   119    3151    (-,-) 
  g3250__1705/Y   -       B0->Y  R     OAI211XL       1  1.7   139    82    3233    (-,-) 
  g3247__2802/Y   -       C0->Y  F     AOI221XL       1  1.5   138    63    3296    (-,-) 
  g3242__8428/Y   -       A0->Y  R     AOI31XL        1  1.6   120   131    3427    (-,-) 
  g3240__6260/Y   -       A0->Y  F     OAI21XL        1  1.6    96    94    3520    (-,-) 
  g3237__2398/Y   -       A1->Y  R     AOI21XL        1  1.8   281   105    3625    (-,-) 
  q_reg[0]/D      <<<     -      R     SDFFQXL        1    -     -     0    3625    (-,-) 
#-----------------------------------------------------------------------------------------

