============================================================
  Generated by:           Genus(TM) Synthesis Solution 20.11-s111_1
  Generated on:           Apr 16 2026  01:53:02 pm
  Module:                 pe64_top
  Operating conditions:   slow (balanced_tree)
  Wireload mode:          enclosed
  Area mode:              timing library
============================================================

                              
  Gate    Instances    Area   Library 
--------------------------------------
AND2XL            2     9.083    slow 
AND4XL            1     6.812    slow 
AOI211XL          1     5.298    slow 
AOI21XL           7    31.790    slow 
AOI221XL          9    68.121    slow 
AOI222XL          3    24.978    slow 
AOI22XL           7    42.386    slow 
AOI31XL           1     6.055    slow 
INVXL             4     9.083    slow 
NAND2BXL          3    13.624    slow 
NAND2XL           8    24.221    slow 
NAND3XL           2     9.083    slow 
NAND4XL           5    26.492    slow 
NOR2BXL          41   186.197    slow 
NOR2XL            9    27.248    slow 
NOR4XL            5    30.276    slow 
OAI211XL          3    15.895    slow 
OAI21XL           4    18.166    slow 
OAI221XL          3    22.707    slow 
OAI22XL           3    18.166    slow 
OR2XL             1     4.541    slow 
OR4XL             8    54.497    slow 
SDFFQX1           1    20.436    slow 
SDFFQXL          46   940.070    slow 
SDFFTRXL         25   681.210    slow 
--------------------------------------
total           202  2296.435         


                                         
     Type      Instances   Area   Area % 
-----------------------------------------
sequential            72 1641.716   71.5 
inverter               4    9.083    0.4 
logic                126  645.636   28.1 
physical_cells         0    0.000    0.0 
-----------------------------------------
total                202 2296.435  100.0 

